HTMLImageElement {
 Symbol(impl): HTMLImageElementImpl {
  _globalObject: Window {
   StyleSheet: [Function: StyleSheet],
   MediaList: [Function: MediaList],
   CSSStyleSheet: [Function: CSSStyleSheet],
   CSSRule: [Function: CSSRule],
   CSSStyleRule: [Function: CSSStyleRule],
   CSSMediaRule: [Function: CSSMediaRule],
   CSSImportRule: [Function: CSSImportRule],
   CSSStyleDeclaration: [Function: CSSStyleDeclaration],
   XPathException: [Function: XPathException],
   XPathExpression: [Function: XPathExpression],
   XPathResult: [Function: XPathResult],
   XPathEvaluator: [Function: XPathEvaluator],
   NodeFilter: [Function],
   onafterprint: null,
   onbeforeprint: null,
   onbeforeunload: null,
   onhashchange: null,
   onlanguagechange: null,
   onmessage: null,
   onmessageerror: null,
   onoffline: null,
   ononline: null,
   onpagehide: null,
   onpageshow: null,
   onpopstate: null,
   onrejectionhandled: null,
   onstorage: null,
   onunhandledrejection: null,
   onunload: null,
   onblur: null,
   onerror: null,
   onfocus: null,
   onload: null,
   onresize: null,
   onscroll: null,
   onabort: null,
   onautocomplete: null,
   onautocompleteerror: null,
   oncancel: null,
   oncanplay: null,
   oncanplaythrough: null,
   onchange: null,
   onclick: null,
   onclose: null,
   oncontextmenu: null,
   oncuechange: null,
   ondblclick: null,
   ondrag: null,
   ondragend: null,
   ondragenter: null,
   ondragexit: null,
   ondragleave: null,
   ondragover: null,
   ondragstart: null,
   ondrop: null,
   ondurationchange: null,
   onemptied: null,
   onended: null,
   oninput: null,
   oninvalid: null,
   onkeydown: null,
   onkeypress: null,
   onkeyup: null,
   onloadeddata: null,
   onloadedmetadata: null,
   onloadstart: null,
   onmousedown: null,
   onmouseenter: null,
   onmouseleave: null,
   onmousemove: null,
   onmouseout: null,
   onmouseover: null,
   onmouseup: null,
   onwheel: null,
   onpause: null,
   onplay: null,
   onplaying: null,
   onprogress: null,
   onratechange: null,
   onreset: null,
   onsecuritypolicyviolation: null,
   onseeked: null,
   onseeking: null,
   onselect: null,
   onsort: null,
   onstalled: null,
   onsubmit: null,
   onsuspend: null,
   ontimeupdate: null,
   ontoggle: null,
   onvolumechange: null,
   onwaiting: null,
   _registeredHandlers: Set {},
   _eventHandlers: {},
   _globalObject: [Circular],
   _resourceLoader: NoOpResourceLoader {
    _strictSSL: true,
    _proxy: undefined,
    _userAgent: "Mozilla/5.0 (unknown OS) AppleWebKit/537.36 (KHTML, like Gecko) jsdom/16.2.2"
   },
   _globalProxy: [Circular],
   _document: Document { location: [Object], Symbol(impl): [Object] },
   _origin: "https://shop.nordstrom.com",
   _sessionHistory: SessionHistory {
    _window: [Circular],
    _windowImpl: [Object],
    _historyTraversalQueue: [Set],
    _entries: [Array],
    _currentIndex: 0
   },
   _virtualConsole: VirtualConsole { _events: [Object], _eventsCount: 20, _maxListeners: undefined },
   _runScripts: undefined,
   _top: [Circular],
   _parent: [Circular],
   _frameElement: null,
   _length: 0,
   _pretendToBeVisual: false,
   _storageQuota: 5000000,
   _commonForOrigin: { https://shop.nordstrom.com: [Object] },
   _currentOriginData: {
    localStorageArea: [Map],
    sessionStorageArea: [Map],
    windowsInSameOrigin: [Array]
   },
   _localStorage: Storage {
    f: "A8MpZRFyAQAAEal8-MSnhDGlTstkHqFC3p8TWBrkNpjEpWI3EzU0TLu70fl-AYcalaauclwgwH8AAOfvAAAAAA==",
    Symbol(impl): [Object]
   },
   _sessionStorage: Storage { Symbol(impl): [Object] },
   _selection: SelectionImpl {
    _range: null,
    _direction: 0,
    _globalObject: [Circular],
    Symbol(wrapper): [Object]
   },
   getSelection: [Function],
   length: 0,
   window: [Circular],
   frameElement: null,
   frames: [Circular],
   self: [Circular],
   parent: [Circular],
   top: [Circular],
   document: Document { location: [Object], Symbol(impl): [Object] },
   external: External { Symbol(impl): [Object] },
   location: Location {
    assign: [Function: assign],
    replace: [Function: replace],
    reload: [Function: reload],
    href: "https://shop.nordstrom.com/s/nike-air-jordan-5-retro-glow-in-the-dark-mid-top-sneaker-women/5368413",
    toString: [Function: toString],
    origin: "https://shop.nordstrom.com",
    protocol: "https:",
    host: "shop.nordstrom.com",
    hostname: "shop.nordstrom.com",
    port: "",
    pathname: "/s/nike-air-jordan-5-retro-glow-in-the-dark-mid-top-sneaker-women/5368413",
    search: "",
    hash: "",
    Symbol(impl): [Object]
   },
   history: History { Symbol(impl): [Object] },
   navigator: Navigator { Symbol(impl): [Object], Symbol(SameObject caches): [Object] },
   locationbar: BarProp { Symbol(impl): [Object] },
   menubar: BarProp { Symbol(impl): [Object] },
   personalbar: BarProp { Symbol(impl): [Object] },
   scrollbars: BarProp { Symbol(impl): [Object] },
   statusbar: BarProp { Symbol(impl): [Object] },
   toolbar: BarProp { Symbol(impl): [Object] },
   performance: Performance { Symbol(impl): [Object] },
   screen: Screen { Symbol(impl): [Object] },
   origin: "https://shop.nordstrom.com",
   localStorage: Storage {
    f: "A8MpZRFyAQAAEal8-MSnhDGlTstkHqFC3p8TWBrkNpjEpWI3EzU0TLu70fl-AYcalaauclwgwH8AAOfvAAAAAA==",
    Symbol(impl): [Object]
   },
   sessionStorage: Storage { Symbol(impl): [Object] },
   customElements: CustomElementRegistry { Symbol(impl): [Object] },
   setTimeout: [Function],
   setInterval: [Function],
   clearTimeout: [Function],
   clearInterval: [Function],
   postMessage: [Function],
   atob: [Function],
   btoa: [Function],
   stop: [Function],
   close: [Function],
   getComputedStyle: [Function],
   captureEvents: [Function],
   releaseEvents: [Function],
   console: {
    assert: [Function],
    clear: [Function],
    count: [Function],
    countReset: [Function],
    debug: [Function],
    dir: [Function],
    dirxml: [Function],
    error: [Function],
    group: [Function],
    groupCollapsed: [Function],
    groupEnd: [Function],
    info: [Function],
    log: [Function],
    table: [Function],
    time: [Function],
    timeLog: [Function],
    timeEnd: [Function],
    trace: [Function],
    warn: [Function]
   },
   name: "",
   status: "",
   devicePixelRatio: 1,
   innerWidth: 1024,
   innerHeight: 768,
   outerWidth: 1024,
   outerHeight: 768,
   pageXOffset: 0,
   pageYOffset: 0,
   screenX: 0,
   screenLeft: 0,
   screenY: 0,
   screenTop: 0,
   scrollX: 0,
   scrollY: 0,
   alert: [Function],
   blur: [Function],
   confirm: [Function],
   focus: [Function],
   moveBy: [Function],
   moveTo: [Function],
   open: [Function],
   print: [Function],
   prompt: [Function],
   resizeBy: [Function],
   resizeTo: [Function],
   scroll: [Function],
   scrollBy: [Function],
   scrollTo: [Function],
   istlWasHere: true,
   Symbol([webidl2js]  constructor registry): {
    DOMException: [Function: DOMException],
    URL: [Function: URL],
    URLSearchParams: [Function: URLSearchParams],
    EventTarget: [Function: EventTarget],
    NamedNodeMap: [Function: NamedNodeMap],
    Node: [Function: Node],
    Attr: [Function: Attr],
    Element: [Function: Element],
    DocumentFragment: [Function: DocumentFragment],
    DOMImplementation: [Function: DOMImplementation],
    Document: [Function: Document],
    XMLDocument: [Function: XMLDocument],
    CharacterData: [Function: CharacterData],
    Text: [Function: Text],
    CDATASection: [Function: CDATASection],
    ProcessingInstruction: [Function: ProcessingInstruction],
    Comment: [Function: Comment],
    DocumentType: [Function: DocumentType],
    NodeList: [Function: NodeList],
    HTMLCollection: [Function: HTMLCollection],
    HTMLOptionsCollection: [Function: HTMLOptionsCollection],
    DOMStringMap: [Function: DOMStringMap],
    DOMTokenList: [Function: DOMTokenList],
    StyleSheetList: [Function: StyleSheetList],
    HTMLElement: [Function: HTMLElement],
    HTMLHeadElement: [Function: HTMLHeadElement],
    HTMLTitleElement: [Function: HTMLTitleElement],
    HTMLBaseElement: [Function: HTMLBaseElement],
    HTMLLinkElement: [Function: HTMLLinkElement],
    HTMLMetaElement: [Function: HTMLMetaElement],
    HTMLStyleElement: [Function: HTMLStyleElement],
    HTMLBodyElement: [Function: HTMLBodyElement],
    HTMLHeadingElement: [Function: HTMLHeadingElement],
    HTMLParagraphElement: [Function: HTMLParagraphElement],
    HTMLHRElement: [Function: HTMLHRElement],
    HTMLPreElement: [Function: HTMLPreElement],
    HTMLUListElement: [Function: HTMLUListElement],
    HTMLOListElement: [Function: HTMLOListElement],
    HTMLLIElement: [Function: HTMLLIElement],
    HTMLMenuElement: [Function: HTMLMenuElement],
    HTMLDListElement: [Function: HTMLDListElement],
    HTMLDivElement: [Function: HTMLDivElement],
    HTMLAnchorElement: [Function: HTMLAnchorElement],
    HTMLAreaElement: [Function: HTMLAreaElement],
    HTMLBRElement: [Function: HTMLBRElement],
    HTMLButtonElement: [Function: HTMLButtonElement],
    HTMLCanvasElement: [Function: HTMLCanvasElement],
    HTMLDataElement: [Function: HTMLDataElement],
    HTMLDataListElement: [Function: HTMLDataListElement],
    HTMLDetailsElement: [Function: HTMLDetailsElement],
    HTMLDialogElement: [Function: HTMLDialogElement],
    HTMLDirectoryElement: [Function: HTMLDirectoryElement],
    HTMLFieldSetElement: [Function: HTMLFieldSetElement],
    HTMLFontElement: [Function: HTMLFontElement],
    HTMLFormElement: [Function: HTMLFormElement],
    HTMLHtmlElement: [Function: HTMLHtmlElement],
    HTMLImageElement: [Function: HTMLImageElement],
    HTMLInputElement: [Function: HTMLInputElement],
    HTMLLabelElement: [Function: HTMLLabelElement],
    HTMLLegendElement: [Function: HTMLLegendElement],
    HTMLMapElement: [Function: HTMLMapElement],
    HTMLMarqueeElement: [Function: HTMLMarqueeElement],
    HTMLMediaElement: [Function: HTMLMediaElement],
    HTMLMeterElement: [Function: HTMLMeterElement],
    HTMLModElement: [Function: HTMLModElement],
    HTMLOptGroupElement: [Function: HTMLOptGroupElement],
    HTMLOptionElement: [Function: HTMLOptionElement],
    HTMLOutputElement: [Function: HTMLOutputElement],
    HTMLPictureElement: [Function: HTMLPictureElement],
    HTMLProgressElement: [Function: HTMLProgressElement],
    HTMLQuoteElement: [Function: HTMLQuoteElement],
    HTMLScriptElement: [Function: HTMLScriptElement],
    HTMLSelectElement: [Function: HTMLSelectElement],
    HTMLSlotElement: [Function: HTMLSlotElement],
    HTMLSourceElement: [Function: HTMLSourceElement],
    HTMLSpanElement: [Function: HTMLSpanElement],
    HTMLTableCaptionElement: [Function: HTMLTableCaptionElement],
    HTMLTableCellElement: [Function: HTMLTableCellElement],
    HTMLTableColElement: [Function: HTMLTableColElement],
    HTMLTableElement: [Function: HTMLTableElement],
    HTMLTimeElement: [Function: HTMLTimeElement],
    HTMLTableRowElement: [Function: HTMLTableRowElement],
    HTMLTableSectionElement: [Function: HTMLTableSectionElement],
    HTMLTemplateElement: [Function: HTMLTemplateElement],
    HTMLTextAreaElement: [Function: HTMLTextAreaElement],
    HTMLUnknownElement: [Function: HTMLUnknownElement],
    HTMLFrameElement: [Function: HTMLFrameElement],
    HTMLFrameSetElement: [Function: HTMLFrameSetElement],
    HTMLIFrameElement: [Function: HTMLIFrameElement],
    HTMLEmbedElement: [Function: HTMLEmbedElement],
    HTMLObjectElement: [Function: HTMLObjectElement],
    HTMLParamElement: [Function: HTMLParamElement],
    HTMLVideoElement: [Function: HTMLVideoElement],
    HTMLAudioElement: [Function: HTMLAudioElement],
    HTMLTrackElement: [Function: HTMLTrackElement],
    SVGElement: [Function: SVGElement],
    SVGGraphicsElement: [Function: SVGGraphicsElement],
    SVGSVGElement: [Function: SVGSVGElement],
    SVGTitleElement: [Function: SVGTitleElement],
    SVGAnimatedString: [Function: SVGAnimatedString],
    SVGNumber: [Function: SVGNumber],
    SVGStringList: [Function: SVGStringList],
    Event: [Function: Event],
    CloseEvent: [Function: CloseEvent],
    CustomEvent: [Function: CustomEvent],
    MessageEvent: [Function: MessageEvent],
    ErrorEvent: [Function: ErrorEvent],
    HashChangeEvent: [Function: HashChangeEvent],
    PopStateEvent: [Function: PopStateEvent],
    StorageEvent: [Function: StorageEvent],
    ProgressEvent: [Function: ProgressEvent],
    PageTransitionEvent: [Function: PageTransitionEvent],
    UIEvent: [Function: UIEvent],
    FocusEvent: [Function: FocusEvent],
    InputEvent: [Function: InputEvent],
    MouseEvent: [Function: MouseEvent],
    KeyboardEvent: [Function: KeyboardEvent],
    TouchEvent: [Function: TouchEvent],
    CompositionEvent: [Function: CompositionEvent],
    WheelEvent: [Function: WheelEvent],
    BarProp: [Function: BarProp],
    External: [Function: External],
    Location: [Function: Location],
    History: [Function: History],
    Screen: [Function: Screen],
    Performance: [Function: Performance],
    Navigator: [Function: Navigator],
    PluginArray: [Function: PluginArray],
    MimeTypeArray: [Function: MimeTypeArray],
    Plugin: [Function: Plugin],
    MimeType: [Function: MimeType],
    FileReader: [Function: FileReader],
    Blob: [Function: Blob],
    File: [Function: File],
    FileList: [Function: FileList],
    ValidityState: [Function: ValidityState],
    DOMParser: [Function: DOMParser],
    XMLSerializer: [Function: XMLSerializer],
    FormData: [Function: FormData],
    XMLHttpRequestEventTarget: [Function: XMLHttpRequestEventTarget],
    XMLHttpRequestUpload: [Function: XMLHttpRequestUpload],
    XMLHttpRequest: [Function: XMLHttpRequest],
    WebSocket: [Function: WebSocket],
    NodeIterator: [Function: NodeIterator],
    TreeWalker: [Function: TreeWalker],
    AbstractRange: [Function: AbstractRange],
    Range: [Function: Range],
    StaticRange: [Function: StaticRange],
    Selection: [Function: Selection],
    Storage: [Function: Storage],
    CustomElementRegistry: [Function: CustomElementRegistry],
    ShadowRoot: [Function: ShadowRoot],
    MutationObserver: [Function: MutationObserver],
    MutationRecord: [Function: MutationRecord],
    Headers: [Function: Headers],
    AbortController: [Function: AbortController],
    AbortSignal: [Function: AbortSignal]
   },
   Symbol(impl): EventTargetImpl {
    _globalObject: [Circular],
    _eventListeners: [Object],
    Symbol(wrapper): [Circular]
   },
   Symbol(named property tracker): NamedPropertiesTracker {
    object: [Circular],
    objectProxy: [Circular],
    resolverFunc: [Function: bound namedPropertyResolver],
    trackedValues: [Map]
   }
  },
  _eventListeners: {},
  _ownerDocument: DocumentImpl {
   _globalObject: Window {
    StyleSheet: [Function: StyleSheet],
    MediaList: [Function: MediaList],
    CSSStyleSheet: [Function: CSSStyleSheet],
    CSSRule: [Function: CSSRule],
    CSSStyleRule: [Function: CSSStyleRule],
    CSSMediaRule: [Function: CSSMediaRule],
    CSSImportRule: [Function: CSSImportRule],
    CSSStyleDeclaration: [Function: CSSStyleDeclaration],
    XPathException: [Function: XPathException],
    XPathExpression: [Function: XPathExpression],
    XPathResult: [Function: XPathResult],
    XPathEvaluator: [Function: XPathEvaluator],
    NodeFilter: [Function],
    onafterprint: null,
    onbeforeprint: null,
    onbeforeunload: null,
    onhashchange: null,
    onlanguagechange: null,
    onmessage: null,
    onmessageerror: null,
    onoffline: null,
    ononline: null,
    onpagehide: null,
    onpageshow: null,
    onpopstate: null,
    onrejectionhandled: null,
    onstorage: null,
    onunhandledrejection: null,
    onunload: null,
    onblur: null,
    onerror: null,
    onfocus: null,
    onload: null,
    onresize: null,
    onscroll: null,
    onabort: null,
    onautocomplete: null,
    onautocompleteerror: null,
    oncancel: null,
    oncanplay: null,
    oncanplaythrough: null,
    onchange: null,
    onclick: null,
    onclose: null,
    oncontextmenu: null,
    oncuechange: null,
    ondblclick: null,
    ondrag: null,
    ondragend: null,
    ondragenter: null,
    ondragexit: null,
    ondragleave: null,
    ondragover: null,
    ondragstart: null,
    ondrop: null,
    ondurationchange: null,
    onemptied: null,
    onended: null,
    oninput: null,
    oninvalid: null,
    onkeydown: null,
    onkeypress: null,
    onkeyup: null,
    onloadeddata: null,
    onloadedmetadata: null,
    onloadstart: null,
    onmousedown: null,
    onmouseenter: null,
    onmouseleave: null,
    onmousemove: null,
    onmouseout: null,
    onmouseover: null,
    onmouseup: null,
    onwheel: null,
    onpause: null,
    onplay: null,
    onplaying: null,
    onprogress: null,
    onratechange: null,
    onreset: null,
    onsecuritypolicyviolation: null,
    onseeked: null,
    onseeking: null,
    onselect: null,
    onsort: null,
    onstalled: null,
    onsubmit: null,
    onsuspend: null,
    ontimeupdate: null,
    ontoggle: null,
    onvolumechange: null,
    onwaiting: null,
    _registeredHandlers: [Set],
    _eventHandlers: [Object],
    _globalObject: [Circular],
    _resourceLoader: [Object],
    _globalProxy: [Circular],
    _document: [Object],
    _origin: "https://shop.nordstrom.com",
    _sessionHistory: [Object],
    _virtualConsole: [Object],
    _runScripts: undefined,
    _top: [Circular],
    _parent: [Circular],
    _frameElement: null,
    _length: 0,
    _pretendToBeVisual: false,
    _storageQuota: 5000000,
    _commonForOrigin: [Object],
    _currentOriginData: [Object],
    _localStorage: [Object],
    _sessionStorage: [Object],
    _selection: [Object],
    getSelection: [Function],
    length: 0,
    window: [Circular],
    frameElement: null,
    frames: [Circular],
    self: [Circular],
    parent: [Circular],
    top: [Circular],
    document: [Object],
    external: [Object],
    location: [Object],
    history: [Object],
    navigator: [Object],
    locationbar: [Object],
    menubar: [Object],
    personalbar: [Object],
    scrollbars: [Object],
    statusbar: [Object],
    toolbar: [Object],
    performance: [Object],
    screen: [Object],
    origin: "https://shop.nordstrom.com",
    localStorage: [Object],
    sessionStorage: [Object],
    customElements: [Object],
    setTimeout: [Function],
    setInterval: [Function],
    clearTimeout: [Function],
    clearInterval: [Function],
    postMessage: [Function],
    atob: [Function],
    btoa: [Function],
    stop: [Function],
    close: [Function],
    getComputedStyle: [Function],
    captureEvents: [Function],
    releaseEvents: [Function],
    console: [Object],
    name: "",
    status: "",
    devicePixelRatio: 1,
    innerWidth: 1024,
    innerHeight: 768,
    outerWidth: 1024,
    outerHeight: 768,
    pageXOffset: 0,
    pageYOffset: 0,
    screenX: 0,
    screenLeft: 0,
    screenY: 0,
    screenTop: 0,
    scrollX: 0,
    scrollY: 0,
    alert: [Function],
    blur: [Function],
    confirm: [Function],
    focus: [Function],
    moveBy: [Function],
    moveTo: [Function],
    open: [Function],
    print: [Function],
    prompt: [Function],
    resizeBy: [Function],
    resizeTo: [Function],
    scroll: [Function],
    scrollBy: [Function],
    scrollTo: [Function],
    istlWasHere: true,
    Symbol([webidl2js]  constructor registry): [Object],
    Symbol(impl): [Object],
    Symbol(named property tracker): [Object]
   },
   _eventListeners: {},
   _ownerDocument: [Circular],
   _childNodesList: null,
   _childrenList: null,
   _version: 4,
   _memoizedQueries: {},
   _registeredObserverList: [],
   _referencedRanges: Set {},
   _registeredHandlers: Set {},
   _eventHandlers: {},
   nodeType: 9,
   _parsingMode: "html",
   _implementation: DOMImplementationImpl { _globalObject: [Object], _ownerDocument: [Circular], Symbol(wrapper): [Object] },
   _defaultView: Window {
    StyleSheet: [Function: StyleSheet],
    MediaList: [Function: MediaList],
    CSSStyleSheet: [Function: CSSStyleSheet],
    CSSRule: [Function: CSSRule],
    CSSStyleRule: [Function: CSSStyleRule],
    CSSMediaRule: [Function: CSSMediaRule],
    CSSImportRule: [Function: CSSImportRule],
    CSSStyleDeclaration: [Function: CSSStyleDeclaration],
    XPathException: [Function: XPathException],
    XPathExpression: [Function: XPathExpression],
    XPathResult: [Function: XPathResult],
    XPathEvaluator: [Function: XPathEvaluator],
    NodeFilter: [Function],
    onafterprint: null,
    onbeforeprint: null,
    onbeforeunload: null,
    onhashchange: null,
    onlanguagechange: null,
    onmessage: null,
    onmessageerror: null,
    onoffline: null,
    ononline: null,
    onpagehide: null,
    onpageshow: null,
    onpopstate: null,
    onrejectionhandled: null,
    onstorage: null,
    onunhandledrejection: null,
    onunload: null,
    onblur: null,
    onerror: null,
    onfocus: null,
    onload: null,
    onresize: null,
    onscroll: null,
    onabort: null,
    onautocomplete: null,
    onautocompleteerror: null,
    oncancel: null,
    oncanplay: null,
    oncanplaythrough: null,
    onchange: null,
    onclick: null,
    onclose: null,
    oncontextmenu: null,
    oncuechange: null,
    ondblclick: null,
    ondrag: null,
    ondragend: null,
    ondragenter: null,
    ondragexit: null,
    ondragleave: null,
    ondragover: null,
    ondragstart: null,
    ondrop: null,
    ondurationchange: null,
    onemptied: null,
    onended: null,
    oninput: null,
    oninvalid: null,
    onkeydown: null,
    onkeypress: null,
    onkeyup: null,
    onloadeddata: null,
    onloadedmetadata: null,
    onloadstart: null,
    onmousedown: null,
    onmouseenter: null,
    onmouseleave: null,
    onmousemove: null,
    onmouseout: null,
    onmouseover: null,
    onmouseup: null,
    onwheel: null,
    onpause: null,
    onplay: null,
    onplaying: null,
    onprogress: null,
    onratechange: null,
    onreset: null,
    onsecuritypolicyviolation: null,
    onseeked: null,
    onseeking: null,
    onselect: null,
    onsort: null,
    onstalled: null,
    onsubmit: null,
    onsuspend: null,
    ontimeupdate: null,
    ontoggle: null,
    onvolumechange: null,
    onwaiting: null,
    _registeredHandlers: [Set],
    _eventHandlers: [Object],
    _globalObject: [Circular],
    _resourceLoader: [Object],
    _globalProxy: [Circular],
    _document: [Object],
    _origin: "https://shop.nordstrom.com",
    _sessionHistory: [Object],
    _virtualConsole: [Object],
    _runScripts: undefined,
    _top: [Circular],
    _parent: [Circular],
    _frameElement: null,
    _length: 0,
    _pretendToBeVisual: false,
    _storageQuota: 5000000,
    _commonForOrigin: [Object],
    _currentOriginData: [Object],
    _localStorage: [Object],
    _sessionStorage: [Object],
    _selection: [Object],
    getSelection: [Function],
    length: 0,
    window: [Circular],
    frameElement: null,
    frames: [Circular],
    self: [Circular],
    parent: [Circular],
    top: [Circular],
    document: [Object],
    external: [Object],
    location: [Object],
    history: [Object],
    navigator: [Object],
    locationbar: [Object],
    menubar: [Object],
    personalbar: [Object],
    scrollbars: [Object],
    statusbar: [Object],
    toolbar: [Object],
    performance: [Object],
    screen: [Object],
    origin: "https://shop.nordstrom.com",
    localStorage: [Object],
    sessionStorage: [Object],
    customElements: [Object],
    setTimeout: [Function],
    setInterval: [Function],
    clearTimeout: [Function],
    clearInterval: [Function],
    postMessage: [Function],
    atob: [Function],
    btoa: [Function],
    stop: [Function],
    close: [Function],
    getComputedStyle: [Function],
    captureEvents: [Function],
    releaseEvents: [Function],
    console: [Object],
    name: "",
    status: "",
    devicePixelRatio: 1,
    innerWidth: 1024,
    innerHeight: 768,
    outerWidth: 1024,
    outerHeight: 768,
    pageXOffset: 0,
    pageYOffset: 0,
    screenX: 0,
    screenLeft: 0,
    screenY: 0,
    screenTop: 0,
    scrollX: 0,
    scrollY: 0,
    alert: [Function],
    blur: [Function],
    confirm: [Function],
    focus: [Function],
    moveBy: [Function],
    moveTo: [Function],
    open: [Function],
    print: [Function],
    prompt: [Function],
    resizeBy: [Function],
    resizeTo: [Function],
    scroll: [Function],
    scrollBy: [Function],
    scrollTo: [Function],
    istlWasHere: true,
    Symbol([webidl2js]  constructor registry): [Object],
    Symbol(impl): [Object],
    Symbol(named property tracker): [Object]
   },
   _global: Window {
    StyleSheet: [Function: StyleSheet],
    MediaList: [Function: MediaList],
    CSSStyleSheet: [Function: CSSStyleSheet],
    CSSRule: [Function: CSSRule],
    CSSStyleRule: [Function: CSSStyleRule],
    CSSMediaRule: [Function: CSSMediaRule],
    CSSImportRule: [Function: CSSImportRule],
    CSSStyleDeclaration: [Function: CSSStyleDeclaration],
    XPathException: [Function: XPathException],
    XPathExpression: [Function: XPathExpression],
    XPathResult: [Function: XPathResult],
    XPathEvaluator: [Function: XPathEvaluator],
    NodeFilter: [Function],
    onafterprint: null,
    onbeforeprint: null,
    onbeforeunload: null,
    onhashchange: null,
    onlanguagechange: null,
    onmessage: null,
    onmessageerror: null,
    onoffline: null,
    ononline: null,
    onpagehide: null,
    onpageshow: null,
    onpopstate: null,
    onrejectionhandled: null,
    onstorage: null,
    onunhandledrejection: null,
    onunload: null,
    onblur: null,
    onerror: null,
    onfocus: null,
    onload: null,
    onresize: null,
    onscroll: null,
    onabort: null,
    onautocomplete: null,
    onautocompleteerror: null,
    oncancel: null,
    oncanplay: null,
    oncanplaythrough: null,
    onchange: null,
    onclick: null,
    onclose: null,
    oncontextmenu: null,
    oncuechange: null,
    ondblclick: null,
    ondrag: null,
    ondragend: null,
    ondragenter: null,
    ondragexit: null,
    ondragleave: null,
    ondragover: null,
    ondragstart: null,
    ondrop: null,
    ondurationchange: null,
    onemptied: null,
    onended: null,
    oninput: null,
    oninvalid: null,
    onkeydown: null,
    onkeypress: null,
    onkeyup: null,
    onloadeddata: null,
    onloadedmetadata: null,
    onloadstart: null,
    onmousedown: null,
    onmouseenter: null,
    onmouseleave: null,
    onmousemove: null,
    onmouseout: null,
    onmouseover: null,
    onmouseup: null,
    onwheel: null,
    onpause: null,
    onplay: null,
    onplaying: null,
    onprogress: null,
    onratechange: null,
    onreset: null,
    onsecuritypolicyviolation: null,
    onseeked: null,
    onseeking: null,
    onselect: null,
    onsort: null,
    onstalled: null,
    onsubmit: null,
    onsuspend: null,
    ontimeupdate: null,
    ontoggle: null,
    onvolumechange: null,
    onwaiting: null,
    _registeredHandlers: [Set],
    _eventHandlers: [Object],
    _globalObject: [Circular],
    _resourceLoader: [Object],
    _globalProxy: [Circular],
    _document: [Object],
    _origin: "https://shop.nordstrom.com",
    _sessionHistory: [Object],
    _virtualConsole: [Object],
    _runScripts: undefined,
    _top: [Circular],
    _parent: [Circular],
    _frameElement: null,
    _length: 0,
    _pretendToBeVisual: false,
    _storageQuota: 5000000,
    _commonForOrigin: [Object],
    _currentOriginData: [Object],
    _localStorage: [Object],
    _sessionStorage: [Object],
    _selection: [Object],
    getSelection: [Function],
    length: 0,
    window: [Circular],
    frameElement: null,
    frames: [Circular],
    self: [Circular],
    parent: [Circular],
    top: [Circular],
    document: [Object],
    external: [Object],
    location: [Object],
    history: [Object],
    navigator: [Object],
    locationbar: [Object],
    menubar: [Object],
    personalbar: [Object],
    scrollbars: [Object],
    statusbar: [Object],
    toolbar: [Object],
    performance: [Object],
    screen: [Object],
    origin: "https://shop.nordstrom.com",
    localStorage: [Object],
    sessionStorage: [Object],
    customElements: [Object],
    setTimeout: [Function],
    setInterval: [Function],
    clearTimeout: [Function],
    clearInterval: [Function],
    postMessage: [Function],
    atob: [Function],
    btoa: [Function],
    stop: [Function],
    close: [Function],
    getComputedStyle: [Function],
    captureEvents: [Function],
    releaseEvents: [Function],
    console: [Object],
    name: "",
    status: "",
    devicePixelRatio: 1,
    innerWidth: 1024,
    innerHeight: 768,
    outerWidth: 1024,
    outerHeight: 768,
    pageXOffset: 0,
    pageYOffset: 0,
    screenX: 0,
    screenLeft: 0,
    screenY: 0,
    screenTop: 0,
    scrollX: 0,
    scrollY: 0,
    alert: [Function],
    blur: [Function],
    confirm: [Function],
    focus: [Function],
    moveBy: [Function],
    moveTo: [Function],
    open: [Function],
    print: [Function],
    prompt: [Function],
    resizeBy: [Function],
    resizeTo: [Function],
    scroll: [Function],
    scrollBy: [Function],
    scrollTo: [Function],
    istlWasHere: true,
    Symbol([webidl2js]  constructor registry): [Object],
    Symbol(impl): [Object],
    Symbol(named property tracker): [Object]
   },
   _ids: {},
   _attached: true,
   _currentScript: null,
   _pageShowingFlag: false,
   _cookieJar: CookieJar { enableLooseMode: true, store: [Object] },
   _parseOptions: { sourceCodeLocationInfo: false, scriptingEnabled: false },
   _scriptingDisabled: undefined,
   contentType: "text/html",
   _encoding: "UTF-8",
   _URL: {
    scheme: "https",
    username: "",
    password: "",
    host: "shop.nordstrom.com",
    port: null,
    path: [Array],
    query: null,
    fragment: null,
    cannotBeABaseURL: false
   },
   _origin: "https://shop.nordstrom.com",
   _location: LocationImpl {
    _relevantDocument: [Circular],
    url: null,
    _globalObject: [Object],
    Symbol(wrapper): [Object]
   },
   _history: HistoryImpl {
    _window: [Object],
    _document: [Circular],
    _actAsIfLocationReloadCalled: [Function: actAsIfLocationReloadCalled],
    _state: null,
    _globalObject: [Object],
    Symbol(wrapper): [Object]
   },
   _workingNodeIterators: [],
   _workingNodeIteratorsMax: 10,
   _referrer: "",
   _lastModified: "05/14/2020 15:05:49",
   _asyncQueue: AsyncResourceQueue { items: [Set], dependentItems: [Set] },
   _queue: ResourceQueue { paused: false, _asyncQueue: [Object], tail: null },
   _deferQueue: ResourceQueue { paused: true, _asyncQueue: undefined },
   _requestManager: RequestManager { openedRequests: [Array] },
   _currentDocumentReadiness: "complete",
   _lastFocusedElement: null,
   _resourceLoader: PerDocumentResourceLoader {
    _document: [Circular],
    _defaultEncoding: "UTF-8",
    _resourceLoader: [Object],
    _requestManager: [Object],
    _queue: [Object],
    _deferQueue: [Object],
    _asyncQueue: [Object]
   },
   _latestEntry: null,
   _throwOnDynamicMarkupInsertionCounter: 0,
   _mode: "quirks",
   Symbol(DOM SymbolTree): SymbolTreeNode {
    parent: null,
    previousSibling: null,
    nextSibling: null,
    firstChild: [Object],
    lastChild: [Object],
    childrenVersion: 1,
    childIndexCachedUpTo: null,
    cachedIndex: -1,
    cachedIndexVersion: NaN
   },
   Symbol(wrapper): Document { location: [Object], Symbol(impl): [Circular] }
  },
  _childNodesList: null,
  _childrenList: null,
  _version: 0,
  _memoizedQueries: {},
  _registeredObserverList: [],
  _referencedRanges: Set {},
  _slotableName: "",
  _namespaceURI: "http://www.w3.org/1999/xhtml",
  _prefix: null,
  _localName: "img",
  _ceState: "uncustomized",
  _ceDefinition: null,
  _isValue: null,
  _shadowRoot: null,
  _ceReactionQueue: [],
  nodeType: 1,
  scrollTop: 0,
  scrollLeft: 0,
  _attributeList: [],
  _attributesByNameMap: Map {},
  _attributes: NamedNodeMapImpl {
   _element: [Circular],
   _globalObject: Window {
    StyleSheet: [Function: StyleSheet],
    MediaList: [Function: MediaList],
    CSSStyleSheet: [Function: CSSStyleSheet],
    CSSRule: [Function: CSSRule],
    CSSStyleRule: [Function: CSSStyleRule],
    CSSMediaRule: [Function: CSSMediaRule],
    CSSImportRule: [Function: CSSImportRule],
    CSSStyleDeclaration: [Function: CSSStyleDeclaration],
    XPathException: [Function: XPathException],
    XPathExpression: [Function: XPathExpression],
    XPathResult: [Function: XPathResult],
    XPathEvaluator: [Function: XPathEvaluator],
    NodeFilter: [Function],
    onafterprint: null,
    onbeforeprint: null,
    onbeforeunload: null,
    onhashchange: null,
    onlanguagechange: null,
    onmessage: null,
    onmessageerror: null,
    onoffline: null,
    ononline: null,
    onpagehide: null,
    onpageshow: null,
    onpopstate: null,
    onrejectionhandled: null,
    onstorage: null,
    onunhandledrejection: null,
    onunload: null,
    onblur: null,
    onerror: null,
    onfocus: null,
    onload: null,
    onresize: null,
    onscroll: null,
    onabort: null,
    onautocomplete: null,
    onautocompleteerror: null,
    oncancel: null,
    oncanplay: null,
    oncanplaythrough: null,
    onchange: null,
    onclick: null,
    onclose: null,
    oncontextmenu: null,
    oncuechange: null,
    ondblclick: null,
    ondrag: null,
    ondragend: null,
    ondragenter: null,
    ondragexit: null,
    ondragleave: null,
    ondragover: null,
    ondragstart: null,
    ondrop: null,
    ondurationchange: null,
    onemptied: null,
    onended: null,
    oninput: null,
    oninvalid: null,
    onkeydown: null,
    onkeypress: null,
    onkeyup: null,
    onloadeddata: null,
    onloadedmetadata: null,
    onloadstart: null,
    onmousedown: null,
    onmouseenter: null,
    onmouseleave: null,
    onmousemove: null,
    onmouseout: null,
    onmouseover: null,
    onmouseup: null,
    onwheel: null,
    onpause: null,
    onplay: null,
    onplaying: null,
    onprogress: null,
    onratechange: null,
    onreset: null,
    onsecuritypolicyviolation: null,
    onseeked: null,
    onseeking: null,
    onselect: null,
    onsort: null,
    onstalled: null,
    onsubmit: null,
    onsuspend: null,
    ontimeupdate: null,
    ontoggle: null,
    onvolumechange: null,
    onwaiting: null,
    _registeredHandlers: [Set],
    _eventHandlers: [Object],
    _globalObject: [Circular],
    _resourceLoader: [Object],
    _globalProxy: [Circular],
    _document: [Object],
    _origin: "https://shop.nordstrom.com",
    _sessionHistory: [Object],
    _virtualConsole: [Object],
    _runScripts: undefined,
    _top: [Circular],
    _parent: [Circular],
    _frameElement: null,
    _length: 0,
    _pretendToBeVisual: false,
    _storageQuota: 5000000,
    _commonForOrigin: [Object],
    _currentOriginData: [Object],
    _localStorage: [Object],
    _sessionStorage: [Object],
    _selection: [Object],
    getSelection: [Function],
    length: 0,
    window: [Circular],
    frameElement: null,
    frames: [Circular],
    self: [Circular],
    parent: [Circular],
    top: [Circular],
    document: [Object],
    external: [Object],
    location: [Object],
    history: [Object],
    navigator: [Object],
    locationbar: [Object],
    menubar: [Object],
    personalbar: [Object],
    scrollbars: [Object],
    statusbar: [Object],
    toolbar: [Object],
    performance: [Object],
    screen: [Object],
    origin: "https://shop.nordstrom.com",
    localStorage: [Object],
    sessionStorage: [Object],
    customElements: [Object],
    setTimeout: [Function],
    setInterval: [Function],
    clearTimeout: [Function],
    clearInterval: [Function],
    postMessage: [Function],
    atob: [Function],
    btoa: [Function],
    stop: [Function],
    close: [Function],
    getComputedStyle: [Function],
    captureEvents: [Function],
    releaseEvents: [Function],
    console: [Object],
    name: "",
    status: "",
    devicePixelRatio: 1,
    innerWidth: 1024,
    innerHeight: 768,
    outerWidth: 1024,
    outerHeight: 768,
    pageXOffset: 0,
    pageYOffset: 0,
    screenX: 0,
    screenLeft: 0,
    screenY: 0,
    screenTop: 0,
    scrollX: 0,
    scrollY: 0,
    alert: [Function],
    blur: [Function],
    confirm: [Function],
    focus: [Function],
    moveBy: [Function],
    moveTo: [Function],
    open: [Function],
    print: [Function],
    prompt: [Function],
    resizeBy: [Function],
    resizeTo: [Function],
    scroll: [Function],
    scrollBy: [Function],
    scrollTo: [Function],
    istlWasHere: true,
    Symbol([webidl2js]  constructor registry): [Object],
    Symbol(impl): [Object],
    Symbol(named property tracker): [Object]
   },
   Symbol(wrapper): NamedNodeMap { Symbol(impl): [Circular] }
  },
  _tabIndex: 0,
  _dataset: DOMStringMapImpl {
   _globalObject: Window {
    StyleSheet: [Function: StyleSheet],
    MediaList: [Function: MediaList],
    CSSStyleSheet: [Function: CSSStyleSheet],
    CSSRule: [Function: CSSRule],
    CSSStyleRule: [Function: CSSStyleRule],
    CSSMediaRule: [Function: CSSMediaRule],
    CSSImportRule: [Function: CSSImportRule],
    CSSStyleDeclaration: [Function: CSSStyleDeclaration],
    XPathException: [Function: XPathException],
    XPathExpression: [Function: XPathExpression],
    XPathResult: [Function: XPathResult],
    XPathEvaluator: [Function: XPathEvaluator],
    NodeFilter: [Function],
    onafterprint: null,
    onbeforeprint: null,
    onbeforeunload: null,
    onhashchange: null,
    onlanguagechange: null,
    onmessage: null,
    onmessageerror: null,
    onoffline: null,
    ononline: null,
    onpagehide: null,
    onpageshow: null,
    onpopstate: null,
    onrejectionhandled: null,
    onstorage: null,
    onunhandledrejection: null,
    onunload: null,
    onblur: null,
    onerror: null,
    onfocus: null,
    onload: null,
    onresize: null,
    onscroll: null,
    onabort: null,
    onautocomplete: null,
    onautocompleteerror: null,
    oncancel: null,
    oncanplay: null,
    oncanplaythrough: null,
    onchange: null,
    onclick: null,
    onclose: null,
    oncontextmenu: null,
    oncuechange: null,
    ondblclick: null,
    ondrag: null,
    ondragend: null,
    ondragenter: null,
    ondragexit: null,
    ondragleave: null,
    ondragover: null,
    ondragstart: null,
    ondrop: null,
    ondurationchange: null,
    onemptied: null,
    onended: null,
    oninput: null,
    oninvalid: null,
    onkeydown: null,
    onkeypress: null,
    onkeyup: null,
    onloadeddata: null,
    onloadedmetadata: null,
    onloadstart: null,
    onmousedown: null,
    onmouseenter: null,
    onmouseleave: null,
    onmousemove: null,
    onmouseout: null,
    onmouseover: null,
    onmouseup: null,
    onwheel: null,
    onpause: null,
    onplay: null,
    onplaying: null,
    onprogress: null,
    onratechange: null,
    onreset: null,
    onsecuritypolicyviolation: null,
    onseeked: null,
    onseeking: null,
    onselect: null,
    onsort: null,
    onstalled: null,
    onsubmit: null,
    onsuspend: null,
    ontimeupdate: null,
    ontoggle: null,
    onvolumechange: null,
    onwaiting: null,
    _registeredHandlers: [Set],
    _eventHandlers: [Object],
    _globalObject: [Circular],
    _resourceLoader: [Object],
    _globalProxy: [Circular],
    _document: [Object],
    _origin: "https://shop.nordstrom.com",
    _sessionHistory: [Object],
    _virtualConsole: [Object],
    _runScripts: undefined,
    _top: [Circular],
    _parent: [Circular],
    _frameElement: null,
    _length: 0,
    _pretendToBeVisual: false,
    _storageQuota: 5000000,
    _commonForOrigin: [Object],
    _currentOriginData: [Object],
    _localStorage: [Object],
    _sessionStorage: [Object],
    _selection: [Object],
    getSelection: [Function],
    length: 0,
    window: [Circular],
    frameElement: null,
    frames: [Circular],
    self: [Circular],
    parent: [Circular],
    top: [Circular],
    document: [Object],
    external: [Object],
    location: [Object],
    history: [Object],
    navigator: [Object],
    locationbar: [Object],
    menubar: [Object],
    personalbar: [Object],
    scrollbars: [Object],
    statusbar: [Object],
    toolbar: [Object],
    performance: [Object],
    screen: [Object],
    origin: "https://shop.nordstrom.com",
    localStorage: [Object],
    sessionStorage: [Object],
    customElements: [Object],
    setTimeout: [Function],
    setInterval: [Function],
    clearTimeout: [Function],
    clearInterval: [Function],
    postMessage: [Function],
    atob: [Function],
    btoa: [Function],
    stop: [Function],
    close: [Function],
    getComputedStyle: [Function],
    captureEvents: [Function],
    releaseEvents: [Function],
    console: [Object],
    name: "",
    status: "",
    devicePixelRatio: 1,
    innerWidth: 1024,
    innerHeight: 768,
    outerWidth: 1024,
    outerHeight: 768,
    pageXOffset: 0,
    pageYOffset: 0,
    screenX: 0,
    screenLeft: 0,
    screenY: 0,
    screenTop: 0,
    scrollX: 0,
    scrollY: 0,
    alert: [Function],
    blur: [Function],
    confirm: [Function],
    focus: [Function],
    moveBy: [Function],
    moveTo: [Function],
    open: [Function],
    print: [Function],
    prompt: [Function],
    resizeBy: [Function],
    resizeTo: [Function],
    scroll: [Function],
    scrollBy: [Function],
    scrollTo: [Function],
    istlWasHere: true,
    Symbol([webidl2js]  constructor registry): [Object],
    Symbol(impl): [Object],
    Symbol(named property tracker): [Object]
   },
   _element: [Circular],
   Symbol(wrapper): DOMStringMap { Symbol(impl): [Circular] }
  },
  _settingCssText: false,
  _style: CSSStyleDeclaration { _values: {}, _importants: {}, _length: 0, _onChange: [Function] },
  _registeredHandlers: Set {},
  _eventHandlers: {},
  _clickInProgress: false,
  _hasActivationBehavior: false,
  Symbol(DOM SymbolTree): SymbolTreeNode {
   parent: null,
   previousSibling: null,
   nextSibling: null,
   firstChild: null,
   lastChild: null,
   childrenVersion: 0,
   childIndexCachedUpTo: null,
   cachedIndex: -1,
   cachedIndexVersion: NaN
  },
  Symbol(wrapper): [Circular]
 }
}
GOTTT
afterReady
Trace: 
    at Document.<anonymous> (file:///Users/andyh2/drive/ysfc/src/rush/task/edgescape/trace.js:26:21)
    at byTag (https://dev.jspm.io/npm:nwsapi@2.2.0/src/nwsapi.dew.js:422:39)
    at Array.<anonymous> (https://dev.jspm.io/npm:nwsapi@2.2.0/src/nwsapi.dew.js:362:18)
    at collect (https://dev.jspm.io/npm:nwsapi@2.2.0/src/nwsapi.dew.js:1567:34)
    at _querySelectorAll (https://dev.jspm.io/npm:nwsapi@2.2.0/src/nwsapi.dew.js:1532:36)
    at Object._querySelector [as first] (https://dev.jspm.io/npm:nwsapi@2.2.0/src/nwsapi.dew.js:1447:14)
    at DocumentImpl.querySelector (https://dev.jspm.io/npm:jsdom@16.2.2/lib/jsdom/living/nodes/ParentNode-impl.dew.js:90:46)
    at Object.exports.documentBaseURL (https://dev.jspm.io/npm:jsdom@16.2.2/lib/jsdom/living/helpers/document-base-url.dew.js:12:32)
    at exports.documentBaseURLSerialized (https://dev.jspm.io/npm:jsdom@16.2.2/lib/jsdom/living/helpers/document-base-url.dew.js:23:43)
    at DocumentImpl.get baseURI (https://dev.jspm.io/npm:jsdom@16.2.2/lib/jsdom/living/nodes/Node-impl.dew.js:444:14)
getElementsByTagName(base);
Trace: 
    at Document.<anonymous> (file:///Users/andyh2/drive/ysfc/src/rush/task/edgescape/trace.js:26:21)
    at Window.afterReadyCb (file:///Users/andyh2/drive/ysfc/src/rush/task/edgescape/edgescape.js:30:31)
    at innerInvokeEventListeners (https://dev.jspm.io/npm:jsdom@16.2.2/lib/jsdom/living/events/EventTarget-impl.dew.js:341:29)
    at invokeEventListeners (https://dev.jspm.io/npm:jsdom@16.2.2/lib/jsdom/living/events/EventTarget-impl.dew.js:290:5)
    at EventTargetImpl._dispatch (https://dev.jspm.io/npm:jsdom@16.2.2/lib/jsdom/living/events/EventTarget-impl.dew.js:237:11)
    at EventTargetImpl.dispatchEvent (https://dev.jspm.io/npm:jsdom@16.2.2/lib/jsdom/living/events/EventTarget-impl.dew.js:118:19)
    at dispatchEvent (https://dev.jspm.io/npm:jsdom@16.2.2/lib/jsdom/living/generated/EventTarget.dew.js:231:36)
    at Array.dz (file:///Users/andyh2/drive/ysfc/src/rush/task/edgescape/splash.js:4150:20)
    at iz (file:///Users/andyh2/drive/ysfc/src/rush/task/edgescape/splash.js:4560:27)
    at Object.<anonymous> (file:///Users/andyh2/drive/ysfc/src/rush/task/edgescape/splash.js:4546:24)
createEvent(Event);
Trace: 
    at Window.<anonymous> (file:///Users/andyh2/drive/ysfc/src/rush/task/edgescape/trace.js:26:21)
    at Window.afterReadyCb (file:///Users/andyh2/drive/ysfc/src/rush/task/edgescape/edgescape.js:32:22)
    at innerInvokeEventListeners (https://dev.jspm.io/npm:jsdom@16.2.2/lib/jsdom/living/events/EventTarget-impl.dew.js:341:29)
    at invokeEventListeners (https://dev.jspm.io/npm:jsdom@16.2.2/lib/jsdom/living/events/EventTarget-impl.dew.js:290:5)
    at EventTargetImpl._dispatch (https://dev.jspm.io/npm:jsdom@16.2.2/lib/jsdom/living/events/EventTarget-impl.dew.js:237:11)
    at EventTargetImpl.dispatchEvent (https://dev.jspm.io/npm:jsdom@16.2.2/lib/jsdom/living/events/EventTarget-impl.dew.js:118:19)
    at dispatchEvent (https://dev.jspm.io/npm:jsdom@16.2.2/lib/jsdom/living/generated/EventTarget.dew.js:231:36)
    at Array.dz (file:///Users/andyh2/drive/ysfc/src/rush/task/edgescape/splash.js:4150:20)
    at iz (file:///Users/andyh2/drive/ysfc/src/rush/task/edgescape/splash.js:4560:27)
    at Object.<anonymous> (file:///Users/andyh2/drive/ysfc/src/rush/task/edgescape/splash.js:4546:24)
dispatchEvent([object Event]);
Trace: 
    at file:///Users/andyh2/drive/ysfc/src/rush/task/edgescape/trace.js:26:21
    at Array.dz (file:///Users/andyh2/drive/ysfc/src/rush/task/edgescape/splash.js:4458:20)
    at iz (file:///Users/andyh2/drive/ysfc/src/rush/task/edgescape/splash.js:4560:27)
    at Window.<anonymous> (file:///Users/andyh2/drive/ysfc/src/rush/task/edgescape/splash.js:4546:24)
    at Window.<anonymous> (file:///Users/andyh2/drive/ysfc/src/rush/task/edgescape/splash.js:4077:24)
    at innerInvokeEventListeners (https://dev.jspm.io/npm:jsdom@16.2.2/lib/jsdom/living/events/EventTarget-impl.dew.js:341:29)
    at invokeEventListeners (https://dev.jspm.io/npm:jsdom@16.2.2/lib/jsdom/living/events/EventTarget-impl.dew.js:290:5)
    at EventTargetImpl._dispatch (https://dev.jspm.io/npm:jsdom@16.2.2/lib/jsdom/living/events/EventTarget-impl.dew.js:237:11)
    at EventTargetImpl.dispatchEvent (https://dev.jspm.io/npm:jsdom@16.2.2/lib/jsdom/living/events/EventTarget-impl.dew.js:118:19)
    at Window.dispatchEvent (https://dev.jspm.io/npm:jsdom@16.2.2/lib/jsdom/living/generated/EventTarget.dew.js:231:36)
removeEventListener(sKqpTSySo, function(bz) {
                return g(by, this, arguments)
            });
Trace: 
    at Window.<anonymous> (file:///Users/andyh2/drive/ysfc/src/rush/task/edgescape/trace.js:26:21)
    at Array.dz (file:///Users/andyh2/drive/ysfc/src/rush/task/edgescape/splash.js:4373:20)
    at iz (file:///Users/andyh2/drive/ysfc/src/rush/task/edgescape/splash.js:4560:27)
    at Object.<anonymous> (file:///Users/andyh2/drive/ysfc/src/rush/task/edgescape/splash.js:4546:24)
    at Array.dz (file:///Users/andyh2/drive/ysfc/src/rush/task/edgescape/splash.js:4377:26)
    at iz (file:///Users/andyh2/drive/ysfc/src/rush/task/edgescape/splash.js:4560:27)
    at file:///Users/andyh2/drive/ysfc/src/rush/task/edgescape/splash.js:4546:24
    at dz (file:///Users/andyh2/drive/ysfc/src/rush/task/edgescape/splash.js:4438:20)
    at bn (file:///Users/andyh2/drive/ysfc/src/rush/task/edgescape/splash.js:4055:17)
    at iz (file:///Users/andyh2/drive/ysfc/src/rush/task/edgescape/splash.js:4562:21)
removeEventListener(deviceorientation, function(bz) {
                return g(by, this, arguments)
            });
